<?xml version="1.0" encoding="UTF-8"?>
<beans xmlns="http://www.springframework.org/schema/beans"
       xmlns:xsi="http://www.w3.org/2001/XMLSchema-instance"
       xmlns:context="http://www.springframework.org/schema/context"
       xsi:schemaLocation="http://www.springframework.org/schema/beans http://www.springframework.org/schema/beans/spring-beans.xsd
                           http://www.springframework.org/schema/context http://www.springframework.org/schema/context/spring-context-3.0.xsd">

    <context:component-scan base-package="test.actions" />

    <bean class="proto.action.spring.SpringActionHandlerRegistry">
        <property name="actionHandlers">
            <map key-type="java.lang.String" value-type="proto.action.ActionHandler">
                <entry key="legacy"><bean class="test.actions.legacy.LegacyActionHandler" /></entry>
            </map>
        </property>
        <property name="conversionService" ref="conversionService" />
    </bean>

    <bean id="conversionService" class="org.springframework.context.support.ConversionServiceFactoryBean">
        <property name="converters">
            <set>
                <bean class="proto.action.spring.converters.ActionResultToActionResultConverter" />
                <bean class="proto.action.spring.converters.IntegerToActionResultConverter" />
            </set>
        </property>
    </bean>
</beans>
